<?xml version="1.0" encoding="UTF-8"?>
<!-- Generated by org.testng.reporters.JUnitXMLReporter -->
<testsuite ignored="15" hostname="josh-Latitude-3410" failures="1" tests="22" name="End To End Tests" time="317.681" errors="0" timestamp="2023-08-25T11:09:59 IST">
  <testcase classname="com.demo.testcases.web.WebLoginTest" name="login" time="7.568"/>
  <testcase classname="com.demo.testcases.web.WebHomePageTest" name="select_evening_slot" time="9.343"/>
  <testcase classname="com.demo.testcases.web.WebHomePageTest" name="appointment" time="57.309"/>
  <testcase classname="com.demo.testcases.web.WebCFDPageTest" name="appointment" time="5.348"/>
  <testcase classname="com.demo.testcases.web.WebCFDPageTest" name="verify_20_popular_diagnosis" time="2.303"/>
  <testcase classname="com.demo.testcases.web.WebCFDPageTest" name="add_cfd" time="13.175"/>
  <testcase classname="com.demo.testcases.web.WebPrescriptionPageTest" name="prescription_tab" time="12.416">
    <failure type="org.openqa.selenium.StaleElementReferenceException" message="stale element reference: element is not attached to the page document
  (Session info: chrome=111.0.5563.64)
For documentation on this error, please visit: https://www.selenium.dev/documentation/webdriver/troubleshooting/errors#stale-element-reference-exception
Build info: version: &amp;apos;4.11.0&amp;apos;, revision: &amp;apos;040bc5406b&amp;apos;
System info: os.name: &amp;apos;Linux&amp;apos;, os.arch: &amp;apos;amd64&amp;apos;, os.version: &amp;apos;5.14.0-1059-oem&amp;apos;, java.version: &amp;apos;11.0.20&amp;apos;
Driver info: org.openqa.selenium.chrome.ChromeDriver
Command: [644ba12522f6c6552aba541d8b842202, getElementText {id=1c3b66cc-fbe1-495f-bb40-01129fd4968a}]
Capabilities {acceptInsecureCerts: false, browserName: chrome, browserVersion: 111.0.5563.64, chrome: {chromedriverVersion: 111.0.5563.64 (c710e93d5b63..., userDataDir: /tmp/.com.google.Chrome.73xawP}, goog:chromeOptions: {debuggerAddress: localhost:34599}, networkConnectionEnabled: false, pageLoadStrategy: normal, platformName: linux, proxy: Proxy(), se:cdp: ws://localhost:34599/devtoo..., se:cdpVersion: 111.0.5563.64, setWindowRect: true, strictFileInteractability: false, timeouts: {implicit: 0, pageLoad: 300000, script: 30000}, unhandledPromptBehavior: dismiss and notify, webauthn:extension:credBlob: true, webauthn:extension:largeBlob: true, webauthn:extension:minPinLength: true, webauthn:extension:prf: true, webauthn:virtualAuthenticators: true}
Element: [[ChromeDriver: chrome on linux (644ba12522f6c6552aba541d8b842202)] -&amp;gt; css selector: .nav.nav-tabs&amp;gt;li]
Session ID: 644ba12522f6c6552aba541d8b842202">
      <![CDATA[org.openqa.selenium.StaleElementReferenceException: stale element reference: element is not attached to the page document
  (Session info: chrome=111.0.5563.64)
For documentation on this error, please visit: https://www.selenium.dev/documentation/webdriver/troubleshooting/errors#stale-element-reference-exception
Build info: version: '4.11.0', revision: '040bc5406b'
System info: os.name: 'Linux', os.arch: 'amd64', os.version: '5.14.0-1059-oem', java.version: '11.0.20'
Driver info: org.openqa.selenium.chrome.ChromeDriver
Command: [644ba12522f6c6552aba541d8b842202, getElementText {id=1c3b66cc-fbe1-495f-bb40-01129fd4968a}]
Capabilities {acceptInsecureCerts: false, browserName: chrome, browserVersion: 111.0.5563.64, chrome: {chromedriverVersion: 111.0.5563.64 (c710e93d5b63..., userDataDir: /tmp/.com.google.Chrome.73xawP}, goog:chromeOptions: {debuggerAddress: localhost:34599}, networkConnectionEnabled: false, pageLoadStrategy: normal, platformName: linux, proxy: Proxy(), se:cdp: ws://localhost:34599/devtoo..., se:cdpVersion: 111.0.5563.64, setWindowRect: true, strictFileInteractability: false, timeouts: {implicit: 0, pageLoad: 300000, script: 30000}, unhandledPromptBehavior: dismiss and notify, webauthn:extension:credBlob: true, webauthn:extension:largeBlob: true, webauthn:extension:minPinLength: true, webauthn:extension:prf: true, webauthn:virtualAuthenticators: true}
Element: [[ChromeDriver: chrome on linux (644ba12522f6c6552aba541d8b842202)] -> css selector: .nav.nav-tabs>li]
Session ID: 644ba12522f6c6552aba541d8b842202
at org.openqa.selenium.remote.codec.w3c.W3CHttpResponseCodec.createException(W3CHttpResponseCodec.java:200)
at org.openqa.selenium.remote.codec.w3c.W3CHttpResponseCodec.decode(W3CHttpResponseCodec.java:133)
at org.openqa.selenium.remote.codec.w3c.W3CHttpResponseCodec.decode(W3CHttpResponseCodec.java:52)
at org.openqa.selenium.remote.HttpCommandExecutor.execute(HttpCommandExecutor.java:191)
at org.openqa.selenium.remote.service.DriverCommandExecutor.invokeExecute(DriverCommandExecutor.java:196)
at org.openqa.selenium.remote.service.DriverCommandExecutor.execute(DriverCommandExecutor.java:171)
at org.openqa.selenium.remote.RemoteWebDriver.execute(RemoteWebDriver.java:518)
at org.openqa.selenium.remote.RemoteWebElement.execute(RemoteWebElement.java:224)
at org.openqa.selenium.remote.RemoteWebElement.getText(RemoteWebElement.java:192)
at com.demo.actions.web.CFDPage.open_prescription_tab(CFDPage.java:227)
at com.demo.testcases.web.WebPrescriptionPageTest.prescription_tab(WebPrescriptionPageTest.java:21)
at java.base/java.util.ArrayList.forEach(ArrayList.java:1541)
... Removed 35 stack frames]]>
    </failure>
  </testcase> <!-- prescription_tab -->
  <testcase classname="com.demo.testcases.web.WebPrescriptionPageTest" name="verify_20_popular_drugs" time="1.459"/>
  <testcase classname="com.demo.testcases.web.WebPrescriptionPageTest" name="add_drugs" time="64.647"/>
  <testcase classname="com.demo.testcases.web.WebPrescriptionPageTest" name="add_new_drug" time="49.51"/>
  <testcase classname="com.demo.testcases.web.WebPrescriptionPageTest" name="verify_delete_icon_for_added_drugs" time="0.044"/>
  <testcase classname="com.demo.testcases.web.WebPrescriptionPageTest" name="delete_all_added_drugs" time="0.11"/>
  <testcase classname="com.demo.testcases.web.WebInstructionsPageTest" name="instructions_tab" time="5.253"/>
  <testcase classname="com.demo.testcases.web.WebInstructionsPageTest" name="test_instruction_procedure" time="11.972"/>
  <testcase classname="com.demo.testcases.web.WebSummaryPageTest" name="summary_tab" time="23.52"/>
  <testcase classname="com.demo.testcases.web.WebSummaryPageTest" name="test_instruction_procedure" time="21.467"/>
  <testcase classname="com.demo.testcases.web.WebSummaryPageTest" name="add_drugs" time="0.295"/>
  <testcase classname="com.demo.testcases.web.WebSummaryPageTest" name="add_new_drug" time="0.221"/>
  <testcase classname="com.demo.testcases.web.WebSummaryPageTest" name="drugs_frequency" time="0.423"/>
  <testcase classname="com.demo.testcases.web.WebSummaryPageTest" name="add_cfd" time="0.241"/>
  <testcase classname="com.demo.testcases.web.WebSummaryPageTest" name="saved_record" time="17.704"/>
  <testcase classname="com.demo.testcases.web.WebSummaryPageTest" name="verify_record_is_printed" time="12.894"/>
  <testcase classname="com.demo.testcases.web.WebLoginTest" name="validate_error_message" time="0.0">
    <ignored/>
  </testcase> <!-- validate_error_message -->
  <testcase classname="com.demo.setup.BaseSelenium" name="@AfterSuite tearDown" time="0.0">
    <ignored/>
  </testcase> <!-- @AfterSuite tearDown -->
  <testcase classname="com.demo.setup.BaseSelenium" name="@BeforeSuite webSetup" time="0.0">
    <ignored/>
  </testcase> <!-- @BeforeSuite webSetup -->
  <testcase classname="com.demo.setup.BaseSelenium" name="@AfterSuite tearDown" time="0.0">
    <ignored/>
  </testcase> <!-- @AfterSuite tearDown -->
  <testcase classname="com.demo.setup.BaseSelenium" name="@BeforeSuite webSetup" time="0.0">
    <ignored/>
  </testcase> <!-- @BeforeSuite webSetup -->
  <testcase classname="com.demo.testcases.web.WebCFDPageTest" name="delete_added_popular_diagnosis" time="0.0">
    <ignored/>
  </testcase> <!-- delete_added_popular_diagnosis -->
  <testcase classname="com.demo.setup.BaseSelenium" name="@AfterSuite tearDown" time="0.0">
    <ignored/>
  </testcase> <!-- @AfterSuite tearDown -->
  <testcase classname="com.demo.setup.BaseSelenium" name="@AfterSuite tearDown" time="0.0">
    <ignored/>
  </testcase> <!-- @AfterSuite tearDown -->
  <testcase classname="com.demo.setup.BaseSelenium" name="@BeforeSuite webSetup" time="0.0">
    <ignored/>
  </testcase> <!-- @BeforeSuite webSetup -->
  <testcase classname="com.demo.setup.BaseSelenium" name="@BeforeSuite webSetup" time="0.0">
    <ignored/>
  </testcase> <!-- @BeforeSuite webSetup -->
  <testcase classname="com.demo.testcases.web.WebCFDPageTest" name="diagnosis_tab_delete_cfd" time="0.0">
    <ignored/>
  </testcase> <!-- diagnosis_tab_delete_cfd -->
  <testcase classname="com.demo.testcases.web.WebLoginTest" name="Logout" time="0.0">
    <ignored/>
  </testcase> <!-- Logout -->
  <testcase classname="com.demo.setup.BaseSelenium" name="@AfterSuite tearDown" time="0.0">
    <ignored/>
  </testcase> <!-- @AfterSuite tearDown -->
  <testcase classname="com.demo.setup.BaseSelenium" name="@BeforeSuite webSetup" time="0.0">
    <ignored/>
  </testcase> <!-- @BeforeSuite webSetup -->
  <testcase classname="com.demo.testcases.web.WebHomePageTest" name="verify_disabled_slot" time="0.0">
    <ignored/>
  </testcase> <!-- verify_disabled_slot -->
</testsuite> <!-- End To End Tests -->
