<!DOCTYPE html PUBLIC "-//W3C//DTD XHTML 1.1//EN" "https://www.w3.org/TR/xhtml11/DTD/xhtml11.dtd">
<html xmlns="https://www.w3.org/1999/xhtml">
<head>
<meta http-equiv="content-type" content="text/html; charset=UTF-8"/>
<title>TestNG Report</title>
<style type="text/css">table {margin-bottom:10px;border-collapse:collapse;empty-cells:show}th,td {border:1px solid #009;padding:.25em .5em}th {vertical-align:bottom}td {vertical-align:top}table a {font-weight:bold}.stripe td {background-color: #E6EBF9}.num {text-align:right}.passedodd td {background-color: #3F3}.passedeven td {background-color: #0A0}.skippedodd td {background-color: #DDD}.skippedeven td {background-color: #CCC}.failedodd td,.attn {background-color: #F33}.failedeven td,.stripe .attn {background-color: #D00}.stacktrace {white-space:pre;font-family:monospace}.totop {font-size:85%;text-align:center;border-bottom:2px solid #000}.invisible {display:none}</style>
</head>
<body>
<table>
<tr><th>Test</th><th># Passed</th><th># Skipped</th><th># Retried</th><th># Failed</th><th>Time (ms)</th><th>Included Groups</th><th>Excluded Groups</th></tr>
<tr><th colspan="8">Suite</th></tr>
<tr><td><a href="#t0">Test</a></td><td class="num">18</td><td class="num">0</td><td class="num">0</td><td class="num attn">8</td><td class="num">212,878</td><td></td><td></td></tr>
</table>
<table id='summary'><thead><tr><th>Class</th><th>Method</th><th>Start</th><th>Time (ms)</th></tr></thead><tbody><tr><th colspan="4">Suite</th></tr></tbody><tbody id="t0"><tr><th colspan="4">Test &#8212; failed</th></tr><tr class="failedeven"><td rowspan="2">com.demo.testcases.web.WebAppointmentCFDTest</td><td><a href="#m0">open_created_appointment</a></td><td rowspan="1">1689241880741</td><td rowspan="1">29364</td></tr><tr class="failedeven"><td><a href="#m1">verify_disabled_slot</a></td><td rowspan="1">1689241879566</td><td rowspan="1">1161</td></tr><tr class="failedodd"><td rowspan="3">com.demo.testcases.web.WebAppointmentPrescriptionPageTest</td><td><a href="#m2">prescription_tab</a></td><td rowspan="1">1689241924579</td><td rowspan="1">3404</td></tr><tr class="failedodd"><td><a href="#m3">verify_created_drug_is_added</a></td><td rowspan="1">1689242002661</td><td rowspan="1">5062</td></tr><tr class="failedodd"><td><a href="#m4">verify_same_drug_cannot_be_added_twice</a></td><td rowspan="1">1689242007818</td><td rowspan="1">582</td></tr><tr class="failedeven"><td rowspan="3">com.demo.testcases.web.WebAppointmentSummaryPageTest</td><td><a href="#m5">verify_dagnosis</a></td><td rowspan="1">1689242050671</td><td rowspan="1">66</td></tr><tr class="failedeven"><td><a href="#m6">verify_drug</a></td><td rowspan="1">1689242050743</td><td rowspan="1">1641</td></tr><tr class="failedeven"><td><a href="#m7">verify_record_is_printed</a></td><td rowspan="1">1689242064036</td><td rowspan="1">1617</td></tr><tr><th colspan="4">Test &#8212; passed</th></tr><tr class="passedeven"><td rowspan="5">com.demo.testcases.web.WebAppointmentCFDTest</td><td><a href="#m8">add_popular_diagnosis</a></td><td rowspan="1">1689241911324</td><td rowspan="1">696</td></tr><tr class="passedeven"><td><a href="#m9">appointment_for_existing_patient</a></td><td rowspan="1">1689241869617</td><td rowspan="1">9946</td></tr><tr class="passedeven"><td><a href="#m10">diagnosis_tab_add_cfd</a></td><td rowspan="1">1689241912025</td><td rowspan="1">12209</td></tr><tr class="passedeven"><td><a href="#m11">diagnosis_tab_verify_added_cfd</a></td><td rowspan="1">1689241924238</td><td rowspan="1">337</td></tr><tr class="passedeven"><td><a href="#m12">verify_20_popular_diagnosis</a></td><td rowspan="1">1689241910115</td><td rowspan="1">1205</td></tr><tr class="passedodd"><td rowspan="5">com.demo.testcases.web.WebAppointmentInstructionsPageTest</td><td><a href="#m13">create_new_test_inst_procedure</a></td><td rowspan="1">1689242026183</td><td rowspan="1">1040</td></tr><tr class="passedodd"><td><a href="#m14">instructions_tab</a></td><td rowspan="1">1689242008505</td><td rowspan="1">5245</td></tr><tr class="passedodd"><td><a href="#m15">search_instruction</a></td><td rowspan="1">1689242017252</td><td rowspan="1">4355</td></tr><tr class="passedodd"><td><a href="#m16">search_procedure</a></td><td rowspan="1">1689242021612</td><td rowspan="1">4567</td></tr><tr class="passedodd"><td><a href="#m17">search_test</a></td><td rowspan="1">1689242013752</td><td rowspan="1">3496</td></tr><tr class="passedeven"><td rowspan="5">com.demo.testcases.web.WebAppointmentPrescriptionPageTest</td><td><a href="#m18">add_new_drug_form_details</a></td><td rowspan="1">1689241994712</td><td rowspan="1">7947</td></tr><tr class="passedeven"><td><a href="#m19">delete_all_added_drugs</a></td><td rowspan="1">1689242008405</td><td rowspan="1">97</td></tr><tr class="passedeven"><td><a href="#m20">search_drugs</a></td><td rowspan="1">1689241991044</td><td rowspan="1">3666</td></tr><tr class="passedeven"><td><a href="#m21">verify_20_popular_drugs</a></td><td rowspan="1">1689241927991</td><td rowspan="1">63049</td></tr><tr class="passedeven"><td><a href="#m22">verify_delete_icon_for_added_drugs</a></td><td rowspan="1">1689242007730</td><td rowspan="1">85</td></tr><tr class="passedodd"><td rowspan="2">com.demo.testcases.web.WebAppointmentSummaryPageTest</td><td><a href="#m23">summary_tab</a></td><td rowspan="1">1689242027225</td><td rowspan="1">23444</td></tr><tr class="passedodd"><td><a href="#m24">verify_record_is_saved</a></td><td rowspan="1">1689242052386</td><td rowspan="1">11648</td></tr><tr class="passedeven"><td rowspan="1">com.demo.testcases.web.WebLoginTest</td><td><a href="#m25">login</a></td><td rowspan="1">1689241861886</td><td rowspan="1">7713</td></tr></tbody>
</table>
<h2>Test</h2><h3 id="m0">com.demo.testcases.web.WebAppointmentCFDTest#open_created_appointment</h3><table class="result"><tr><th>Exception</th></tr><tr><td><div class="stacktrace">org.openqa.selenium.NoSuchElementException: no such element: Unable to locate element: {&quot;method&quot;:&quot;xpath&quot;,&quot;selector&quot;:&quot;(//div[contains(@class,&quot;panel-body&quot;)])[10]&quot;}
  (Session info: chrome=111.0.5563.146)
For documentation on this error, please visit: https://selenium.dev/exceptions/#no_such_element
Build info: version: &apos;4.9.0&apos;, revision: &apos;d7057100a6&apos;
System info: os.name: &apos;Linux&apos;, os.arch: &apos;amd64&apos;, os.version: &apos;5.14.0-1059-oem&apos;, java.version: &apos;17.0.5&apos;
Driver info: org.openqa.selenium.chrome.ChromeDriver
Command: [971e8e09e5e4075dbb57e6da1e0a0947, findElement {using=xpath, value=(//div[contains(@class,&quot;panel-body&quot;)])[10]}]
Capabilities {acceptInsecureCerts: false, browserName: chrome, browserVersion: 111.0.5563.146, chrome: {chromedriverVersion: 110.0.5481.77 (65ed616c6e8e..., userDataDir: /tmp/.com.google.Chrome.B3Uz3W}, goog:chromeOptions: {debuggerAddress: localhost:38331}, networkConnectionEnabled: false, pageLoadStrategy: normal, platformName: LINUX, proxy: Proxy(), se:cdp: ws://localhost:38331/devtoo..., se:cdpVersion: 111.0.5563.146, setWindowRect: true, strictFileInteractability: false, timeouts: {implicit: 0, pageLoad: 300000, script: 30000}, unhandledPromptBehavior: dismiss and notify, webauthn:extension:credBlob: true, webauthn:extension:largeBlob: true, webauthn:virtualAuthenticators: true}
Session ID: 971e8e09e5e4075dbb57e6da1e0a0947
	at org.openqa.selenium.remote.codec.w3c.W3CHttpResponseCodec.createException(W3CHttpResponseCodec.java:200)
	at org.openqa.selenium.remote.codec.w3c.W3CHttpResponseCodec.decode(W3CHttpResponseCodec.java:133)
	at org.openqa.selenium.remote.codec.w3c.W3CHttpResponseCodec.decode(W3CHttpResponseCodec.java:53)
	at org.openqa.selenium.remote.HttpCommandExecutor.execute(HttpCommandExecutor.java:193)
	at org.openqa.selenium.remote.service.DriverCommandExecutor.invokeExecute(DriverCommandExecutor.java:183)
	at org.openqa.selenium.remote.service.DriverCommandExecutor.execute(DriverCommandExecutor.java:158)
	at org.openqa.selenium.remote.RemoteWebDriver.execute(RemoteWebDriver.java:543)
	at org.openqa.selenium.remote.ElementLocation$ElementFinder$2.findElement(ElementLocation.java:162)
	at org.openqa.selenium.remote.ElementLocation.findElement(ElementLocation.java:60)
	at org.openqa.selenium.remote.RemoteWebDriver.findElement(RemoteWebDriver.java:352)
	at org.openqa.selenium.remote.RemoteWebDriver.findElement(RemoteWebDriver.java:344)
	at com.demo.actions.web.HomePage.select_created_appointment(HomePage.java:244)
	at com.demo.testcases.web.WebAppointmentCFDTest.open_created_appointment(WebAppointmentCFDTest.java:54)
	at java.base/java.util.ArrayList.forEach(ArrayList.java:1511)
... Removed 32 stack frames</div></td></tr></table><p class="totop"><a href="#summary">back to summary</a></p>
<h3 id="m1">com.demo.testcases.web.WebAppointmentCFDTest#verify_disabled_slot</h3><table class="result"><tr><th>Exception</th></tr><tr><td><div class="stacktrace">java.lang.StringIndexOutOfBoundsException: begin 9, end 0, length 0
	at java.base/java.lang.String.checkBoundsBeginEnd(String.java:4604)
	at java.base/java.lang.String.substring(String.java:2707)
	at java.base/java.lang.String.substring(String.java:2680)
	at com.demo.actions.web.HomePage.verify_diabled_slot(HomePage.java:163)
	at com.demo.testcases.web.WebAppointmentCFDTest.verify_disabled_slot(WebAppointmentCFDTest.java:47)
	at java.base/java.util.ArrayList.forEach(ArrayList.java:1511)
... Removed 27 stack frames</div></td></tr></table><p class="totop"><a href="#summary">back to summary</a></p>
<h3 id="m2">com.demo.testcases.web.WebAppointmentPrescriptionPageTest#prescription_tab</h3><table class="result"><tr><th>Exception</th></tr><tr><td><div class="stacktrace">org.openqa.selenium.StaleElementReferenceException: stale element reference: element is not attached to the page document
  (Session info: chrome=111.0.5563.146)
For documentation on this error, please visit: https://selenium.dev/exceptions/#stale_element_reference
Build info: version: &apos;4.9.0&apos;, revision: &apos;d7057100a6&apos;
System info: os.name: &apos;Linux&apos;, os.arch: &apos;amd64&apos;, os.version: &apos;5.14.0-1059-oem&apos;, java.version: &apos;17.0.5&apos;
Driver info: org.openqa.selenium.chrome.ChromeDriver
Command: [971e8e09e5e4075dbb57e6da1e0a0947, getElementText {id=0275b198-7b86-41ae-8822-4ec2da3c85af}]
Capabilities {acceptInsecureCerts: false, browserName: chrome, browserVersion: 111.0.5563.146, chrome: {chromedriverVersion: 110.0.5481.77 (65ed616c6e8e..., userDataDir: /tmp/.com.google.Chrome.B3Uz3W}, goog:chromeOptions: {debuggerAddress: localhost:38331}, networkConnectionEnabled: false, pageLoadStrategy: normal, platformName: LINUX, proxy: Proxy(), se:cdp: ws://localhost:38331/devtoo..., se:cdpVersion: 111.0.5563.146, setWindowRect: true, strictFileInteractability: false, timeouts: {implicit: 0, pageLoad: 300000, script: 30000}, unhandledPromptBehavior: dismiss and notify, webauthn:extension:credBlob: true, webauthn:extension:largeBlob: true, webauthn:virtualAuthenticators: true}
Element: [[ChromeDriver: chrome on LINUX (971e8e09e5e4075dbb57e6da1e0a0947)] -&gt; css selector: .nav.nav-tabs&gt;li]
Session ID: 971e8e09e5e4075dbb57e6da1e0a0947
	at org.openqa.selenium.remote.codec.w3c.W3CHttpResponseCodec.createException(W3CHttpResponseCodec.java:200)
	at org.openqa.selenium.remote.codec.w3c.W3CHttpResponseCodec.decode(W3CHttpResponseCodec.java:133)
	at org.openqa.selenium.remote.codec.w3c.W3CHttpResponseCodec.decode(W3CHttpResponseCodec.java:53)
	at org.openqa.selenium.remote.HttpCommandExecutor.execute(HttpCommandExecutor.java:193)
	at org.openqa.selenium.remote.service.DriverCommandExecutor.invokeExecute(DriverCommandExecutor.java:183)
	at org.openqa.selenium.remote.service.DriverCommandExecutor.execute(DriverCommandExecutor.java:158)
	at org.openqa.selenium.remote.RemoteWebDriver.execute(RemoteWebDriver.java:543)
	at org.openqa.selenium.remote.RemoteWebElement.execute(RemoteWebElement.java:257)
	at org.openqa.selenium.remote.RemoteWebElement.getText(RemoteWebElement.java:207)
	at com.demo.actions.web.CFDPage.open_prescription_tab(CFDPage.java:257)
	at com.demo.testcases.web.WebAppointmentPrescriptionPageTest.prescription_tab(WebAppointmentPrescriptionPageTest.java:20)
	at java.base/java.util.ArrayList.forEach(ArrayList.java:1511)
... Removed 32 stack frames</div></td></tr></table><p class="totop"><a href="#summary">back to summary</a></p>
<h3 id="m3">com.demo.testcases.web.WebAppointmentPrescriptionPageTest#verify_created_drug_is_added</h3><table class="result"><tr><th>Exception</th></tr><tr><td><div class="stacktrace">org.openqa.selenium.StaleElementReferenceException: stale element reference: element is not attached to the page document
  (Session info: chrome=111.0.5563.146)
For documentation on this error, please visit: https://selenium.dev/exceptions/#stale_element_reference
Build info: version: &apos;4.9.0&apos;, revision: &apos;d7057100a6&apos;
System info: os.name: &apos;Linux&apos;, os.arch: &apos;amd64&apos;, os.version: &apos;5.14.0-1059-oem&apos;, java.version: &apos;17.0.5&apos;
Driver info: org.openqa.selenium.chrome.ChromeDriver
Command: [971e8e09e5e4075dbb57e6da1e0a0947, getElementText {id=cfc886a6-5fde-4529-b726-753c1207f24c}]
Capabilities {acceptInsecureCerts: false, browserName: chrome, browserVersion: 111.0.5563.146, chrome: {chromedriverVersion: 110.0.5481.77 (65ed616c6e8e..., userDataDir: /tmp/.com.google.Chrome.B3Uz3W}, goog:chromeOptions: {debuggerAddress: localhost:38331}, networkConnectionEnabled: false, pageLoadStrategy: normal, platformName: LINUX, proxy: Proxy(), se:cdp: ws://localhost:38331/devtoo..., se:cdpVersion: 111.0.5563.146, setWindowRect: true, strictFileInteractability: false, timeouts: {implicit: 0, pageLoad: 300000, script: 30000}, unhandledPromptBehavior: dismiss and notify, webauthn:extension:credBlob: true, webauthn:extension:largeBlob: true, webauthn:virtualAuthenticators: true}
Element: [[ChromeDriver: chrome on LINUX (971e8e09e5e4075dbb57e6da1e0a0947)] -&gt; xpath: //*[@class=&quot;dropdown flex-100 border-0&quot;]/a/span]
Session ID: 971e8e09e5e4075dbb57e6da1e0a0947
	at org.openqa.selenium.remote.codec.w3c.W3CHttpResponseCodec.createException(W3CHttpResponseCodec.java:200)
	at org.openqa.selenium.remote.codec.w3c.W3CHttpResponseCodec.decode(W3CHttpResponseCodec.java:133)
	at org.openqa.selenium.remote.codec.w3c.W3CHttpResponseCodec.decode(W3CHttpResponseCodec.java:53)
	at org.openqa.selenium.remote.HttpCommandExecutor.execute(HttpCommandExecutor.java:193)
	at org.openqa.selenium.remote.service.DriverCommandExecutor.invokeExecute(DriverCommandExecutor.java:183)
	at org.openqa.selenium.remote.service.DriverCommandExecutor.execute(DriverCommandExecutor.java:158)
	at org.openqa.selenium.remote.RemoteWebDriver.execute(RemoteWebDriver.java:543)
	at org.openqa.selenium.remote.RemoteWebElement.execute(RemoteWebElement.java:257)
	at org.openqa.selenium.remote.RemoteWebElement.getText(RemoteWebElement.java:207)
	at com.demo.actions.web.Prescription.verify_created_drug_added(Prescription.java:386)
	at com.demo.testcases.web.WebAppointmentPrescriptionPageTest.verify_created_drug_is_added(WebAppointmentPrescriptionPageTest.java:57)
	at java.base/java.util.ArrayList.forEach(ArrayList.java:1511)
... Removed 32 stack frames</div></td></tr></table><p class="totop"><a href="#summary">back to summary</a></p>
<h3 id="m4">com.demo.testcases.web.WebAppointmentPrescriptionPageTest#verify_same_drug_cannot_be_added_twice</h3><table class="result"><tr><th>Exception</th></tr><tr><td><div class="stacktrace">org.openqa.selenium.StaleElementReferenceException: stale element reference: element is not attached to the page document
  (Session info: chrome=111.0.5563.146)
For documentation on this error, please visit: https://selenium.dev/exceptions/#stale_element_reference
Build info: version: &apos;4.9.0&apos;, revision: &apos;d7057100a6&apos;
System info: os.name: &apos;Linux&apos;, os.arch: &apos;amd64&apos;, os.version: &apos;5.14.0-1059-oem&apos;, java.version: &apos;17.0.5&apos;
Driver info: org.openqa.selenium.chrome.ChromeDriver
Command: [971e8e09e5e4075dbb57e6da1e0a0947, getElementText {id=e2a0a591-01bc-4c0d-abdb-aff145b50f51}]
Capabilities {acceptInsecureCerts: false, browserName: chrome, browserVersion: 111.0.5563.146, chrome: {chromedriverVersion: 110.0.5481.77 (65ed616c6e8e..., userDataDir: /tmp/.com.google.Chrome.B3Uz3W}, goog:chromeOptions: {debuggerAddress: localhost:38331}, networkConnectionEnabled: false, pageLoadStrategy: normal, platformName: LINUX, proxy: Proxy(), se:cdp: ws://localhost:38331/devtoo..., se:cdpVersion: 111.0.5563.146, setWindowRect: true, strictFileInteractability: false, timeouts: {implicit: 0, pageLoad: 300000, script: 30000}, unhandledPromptBehavior: dismiss and notify, webauthn:extension:credBlob: true, webauthn:extension:largeBlob: true, webauthn:virtualAuthenticators: true}
Element: [[ChromeDriver: chrome on LINUX (971e8e09e5e4075dbb57e6da1e0a0947)] -&gt; xpath: //*[@class=&quot;search-result ng-scope&quot;]/div/a]
Session ID: 971e8e09e5e4075dbb57e6da1e0a0947
	at org.openqa.selenium.remote.codec.w3c.W3CHttpResponseCodec.createException(W3CHttpResponseCodec.java:200)
	at org.openqa.selenium.remote.codec.w3c.W3CHttpResponseCodec.decode(W3CHttpResponseCodec.java:133)
	at org.openqa.selenium.remote.codec.w3c.W3CHttpResponseCodec.decode(W3CHttpResponseCodec.java:53)
	at org.openqa.selenium.remote.HttpCommandExecutor.execute(HttpCommandExecutor.java:193)
	at org.openqa.selenium.remote.service.DriverCommandExecutor.invokeExecute(DriverCommandExecutor.java:183)
	at org.openqa.selenium.remote.service.DriverCommandExecutor.execute(DriverCommandExecutor.java:158)
	at org.openqa.selenium.remote.RemoteWebDriver.execute(RemoteWebDriver.java:543)
	at org.openqa.selenium.remote.RemoteWebElement.execute(RemoteWebElement.java:257)
	at org.openqa.selenium.remote.RemoteWebElement.getText(RemoteWebElement.java:207)
	at com.demo.actions.web.Prescription.verify_same_drug_cannot_be_added_twice(Prescription.java:442)
	at com.demo.testcases.web.WebAppointmentPrescriptionPageTest.verify_same_drug_cannot_be_added_twice(WebAppointmentPrescriptionPageTest.java:70)
	at java.base/java.util.ArrayList.forEach(ArrayList.java:1511)
... Removed 32 stack frames</div></td></tr></table><p class="totop"><a href="#summary">back to summary</a></p>
<h3 id="m5">com.demo.testcases.web.WebAppointmentSummaryPageTest#verify_dagnosis</h3><table class="result"><tr><th>Exception</th></tr><tr><td><div class="stacktrace">java.lang.AssertionError: expected [true] but found [false]
	at com.demo.actions.web.SummaryPage.verify_tests__in_summary(SummaryPage.java:146)
	at com.demo.testcases.web.WebAppointmentSummaryPageTest.verify_dagnosis(WebAppointmentSummaryPageTest.java:27)
	at java.base/java.util.ArrayList.forEach(ArrayList.java:1511)
... Removed 31 stack frames</div></td></tr></table><p class="totop"><a href="#summary">back to summary</a></p>
<h3 id="m6">com.demo.testcases.web.WebAppointmentSummaryPageTest#verify_drug</h3><table class="result"><tr><th>Exception</th></tr><tr><td><div class="stacktrace">java.lang.AssertionError: expected [true] but found [false]
	at com.demo.actions.web.SummaryPage.verify_drugs_in_summary(SummaryPage.java:167)
	at com.demo.testcases.web.WebAppointmentSummaryPageTest.verify_drug(WebAppointmentSummaryPageTest.java:35)
	at java.base/java.util.ArrayList.forEach(ArrayList.java:1511)
... Removed 31 stack frames</div></td></tr></table><p class="totop"><a href="#summary">back to summary</a></p>
<h3 id="m7">com.demo.testcases.web.WebAppointmentSummaryPageTest#verify_record_is_printed</h3><table class="result"><tr><th>Exception</th></tr><tr><td><div class="stacktrace">java.util.NoSuchElementException
	at java.base/java.util.LinkedHashMap$LinkedHashIterator.nextNode(LinkedHashMap.java:758)
	at java.base/java.util.LinkedHashMap$LinkedKeyIterator.next(LinkedHashMap.java:778)
	at com.demo.actions.web.SummaryPage.verify_record_can_be_printed(SummaryPage.java:241)
	at com.demo.testcases.web.WebAppointmentSummaryPageTest.verify_record_is_printed(WebAppointmentSummaryPageTest.java:48)
	at java.base/java.util.ArrayList.forEach(ArrayList.java:1511)
... Removed 27 stack frames</div></td></tr></table><p class="totop"><a href="#summary">back to summary</a></p>
<h3 id="m8">com.demo.testcases.web.WebAppointmentCFDTest#add_popular_diagnosis</h3><table class="result"><tr><th class="invisible"/></tr></table><p class="totop"><a href="#summary">back to summary</a></p>
<h3 id="m9">com.demo.testcases.web.WebAppointmentCFDTest#appointment_for_existing_patient</h3><table class="result"><tr><th class="invisible"/></tr></table><p class="totop"><a href="#summary">back to summary</a></p>
<h3 id="m10">com.demo.testcases.web.WebAppointmentCFDTest#diagnosis_tab_add_cfd</h3><table class="result"><tr><th class="invisible"/></tr></table><p class="totop"><a href="#summary">back to summary</a></p>
<h3 id="m11">com.demo.testcases.web.WebAppointmentCFDTest#diagnosis_tab_verify_added_cfd</h3><table class="result"><tr><th class="invisible"/></tr></table><p class="totop"><a href="#summary">back to summary</a></p>
<h3 id="m12">com.demo.testcases.web.WebAppointmentCFDTest#verify_20_popular_diagnosis</h3><table class="result"><tr><th class="invisible"/></tr></table><p class="totop"><a href="#summary">back to summary</a></p>
<h3 id="m13">com.demo.testcases.web.WebAppointmentInstructionsPageTest#create_new_test_inst_procedure</h3><table class="result"><tr><th class="invisible"/></tr></table><p class="totop"><a href="#summary">back to summary</a></p>
<h3 id="m14">com.demo.testcases.web.WebAppointmentInstructionsPageTest#instructions_tab</h3><table class="result"><tr><th class="invisible"/></tr></table><p class="totop"><a href="#summary">back to summary</a></p>
<h3 id="m15">com.demo.testcases.web.WebAppointmentInstructionsPageTest#search_instruction</h3><table class="result"><tr><th class="invisible"/></tr></table><p class="totop"><a href="#summary">back to summary</a></p>
<h3 id="m16">com.demo.testcases.web.WebAppointmentInstructionsPageTest#search_procedure</h3><table class="result"><tr><th class="invisible"/></tr></table><p class="totop"><a href="#summary">back to summary</a></p>
<h3 id="m17">com.demo.testcases.web.WebAppointmentInstructionsPageTest#search_test</h3><table class="result"><tr><th class="invisible"/></tr></table><p class="totop"><a href="#summary">back to summary</a></p>
<h3 id="m18">com.demo.testcases.web.WebAppointmentPrescriptionPageTest#add_new_drug_form_details</h3><table class="result"><tr><th class="invisible"/></tr></table><p class="totop"><a href="#summary">back to summary</a></p>
<h3 id="m19">com.demo.testcases.web.WebAppointmentPrescriptionPageTest#delete_all_added_drugs</h3><table class="result"><tr><th class="invisible"/></tr></table><p class="totop"><a href="#summary">back to summary</a></p>
<h3 id="m20">com.demo.testcases.web.WebAppointmentPrescriptionPageTest#search_drugs</h3><table class="result"><tr><th class="invisible"/></tr></table><p class="totop"><a href="#summary">back to summary</a></p>
<h3 id="m21">com.demo.testcases.web.WebAppointmentPrescriptionPageTest#verify_20_popular_drugs</h3><table class="result"><tr><th class="invisible"/></tr></table><p class="totop"><a href="#summary">back to summary</a></p>
<h3 id="m22">com.demo.testcases.web.WebAppointmentPrescriptionPageTest#verify_delete_icon_for_added_drugs</h3><table class="result"><tr><th class="invisible"/></tr></table><p class="totop"><a href="#summary">back to summary</a></p>
<h3 id="m23">com.demo.testcases.web.WebAppointmentSummaryPageTest#summary_tab</h3><table class="result"><tr><th class="invisible"/></tr></table><p class="totop"><a href="#summary">back to summary</a></p>
<h3 id="m24">com.demo.testcases.web.WebAppointmentSummaryPageTest#verify_record_is_saved</h3><table class="result"><tr><th class="invisible"/></tr></table><p class="totop"><a href="#summary">back to summary</a></p>
<h3 id="m25">com.demo.testcases.web.WebLoginTest#login</h3><table class="result"><tr><th class="invisible"/></tr></table><p class="totop"><a href="#summary">back to summary</a></p>
</body>
</html>
